[LWJGL] OpenGL debug message
	ID: 0x501
	Source: API
	Type: ERROR
	Severity: HIGH
	Message: Error has been generated. GL error GL_INVALID_VALUE in BufferSubData: (ID: 2810556914) Generic error
[LWJGL] OpenGL debug message
	ID: 0x501
	Source: API
	Type: ERROR
	Severity: HIGH
	Message: Error has been generated. GL error GL_INVALID_VALUE in BufferSubData: (ID: 2810556914) Generic error
[LWJGL] OpenGL debug message
	ID: 0x501
	Source: API
	Type: ERROR
	Severity: HIGH
	Message: Error has been generated. GL error GL_INVALID_VALUE in BufferSubData: (ID: 2810556914) Generic error
[LWJGL] OpenGL debug message
	ID: 0x501
	Source: API
	Type: ERROR
	Severity: HIGH
	Message: Error has been generated. GL error GL_INVALID_VALUE in BufferSubData: (ID: 2810556914) Generic error
